Traceback (most recent call last):
  File "C:\Users\proge\AppData\Local\Programs\Python\Python311\Lib\site-packages\pydantic\networks.py", line 946, in import_email_validator
    import email_validator
ModuleNotFoundError: No module named 'email_validator'

The above exception was the direct cause of the following exception:

Traceback (most recent call last):
  File "<frozen runpy>", line 198, in _run_module_as_main
  File "<frozen runpy>", line 88, in _run_code
  File "C:\Users\proge\AppData\Local\Programs\Python\Python311\Lib\site-packages\uvicorn\__main__.py", line 4, in <module>
    uvicorn.main()
  File "C:\Users\proge\AppData\Local\Programs\Python\Python311\Lib\site-packages\click\core.py", line 1442, in __call__
    return self.main(*args, **kwargs)
           ^^^^^^^^^^^^^^^^^^^^^^^^^^
  File "C:\Users\proge\AppData\Local\Programs\Python\Python311\Lib\site-packages\click\core.py", line 1363, in main
    rv = self.invoke(ctx)
         ^^^^^^^^^^^^^^^^
  File "C:\Users\proge\AppData\Local\Programs\Python\Python311\Lib\site-packages\click\core.py", line 1226, in invoke
    return ctx.invoke(self.callback, **ctx.params)
           ^^^^^^^^^^^^^^^^^^^^^^^^^^^^^^^^^^^^^^^
  File "C:\Users\proge\AppData\Local\Programs\Python\Python311\Lib\site-packages\click\core.py", line 794, in invoke
    return callback(*args, **kwargs)
           ^^^^^^^^^^^^^^^^^^^^^^^^^
  File "C:\Users\proge\AppData\Local\Programs\Python\Python311\Lib\site-packages\uvicorn\main.py", line 413, in main
    run(
  File "C:\Users\proge\AppData\Local\Programs\Python\Python311\Lib\site-packages\uvicorn\main.py", line 580, in run
    server.run()
  File "C:\Users\proge\AppData\Local\Programs\Python\Python311\Lib\site-packages\uvicorn\server.py", line 67, in run
    return asyncio.run(self.serve(sockets=sockets))
           ^^^^^^^^^^^^^^^^^^^^^^^^^^^^^^^^^^^^^^^^
  File "C:\Users\proge\AppData\Local\Programs\Python\Python311\Lib\asyncio\runners.py", line 190, in run
    return runner.run(main)
           ^^^^^^^^^^^^^^^^
  File "C:\Users\proge\AppData\Local\Programs\Python\Python311\Lib\asyncio\runners.py", line 118, in run
    return self._loop.run_until_complete(task)
           ^^^^^^^^^^^^^^^^^^^^^^^^^^^^^^^^^^^
  File "C:\Users\proge\AppData\Local\Programs\Python\Python311\Lib\asyncio\base_events.py", line 653, in run_until_complete
    return future.result()
           ^^^^^^^^^^^^^^^
  File "C:\Users\proge\AppData\Local\Programs\Python\Python311\Lib\site-packages\uvicorn\server.py", line 71, in serve
    await self._serve(sockets)
  File "C:\Users\proge\AppData\Local\Programs\Python\Python311\Lib\site-packages\uvicorn\server.py", line 78, in _serve
    config.load()
  File "C:\Users\proge\AppData\Local\Programs\Python\Python311\Lib\site-packages\uvicorn\config.py", line 436, in load
    self.loaded_app = import_from_string(self.app)
                      ^^^^^^^^^^^^^^^^^^^^^^^^^^^^
  File "C:\Users\proge\AppData\Local\Programs\Python\Python311\Lib\site-packages\uvicorn\importer.py", line 19, in import_from_string
    module = importlib.import_module(module_str)
             ^^^^^^^^^^^^^^^^^^^^^^^^^^^^^^^^^^^
  File "C:\Users\proge\AppData\Local\Programs\Python\Python311\Lib\importlib\__init__.py", line 126, in import_module
    return _bootstrap._gcd_import(name[level:], package, level)
           ^^^^^^^^^^^^^^^^^^^^^^^^^^^^^^^^^^^^^^^^^^^^^^^^^^^^
  File "<frozen importlib._bootstrap>", line 1204, in _gcd_import
  File "<frozen importlib._bootstrap>", line 1176, in _find_and_load
  File "<frozen importlib._bootstrap>", line 1147, in _find_and_load_unlocked
  File "<frozen importlib._bootstrap>", line 690, in _load_unlocked
  File "<frozen importlib._bootstrap_external>", line 940, in exec_module
  File "<frozen importlib._bootstrap>", line 241, in _call_with_frames_removed
  File "D:\stickycutie\backend\app\main.py", line 3, in <module>
    from app.routes import auth, groups, users
  File "D:\stickycutie\backend\app\routes\auth.py", line 5, in <module>
    from app.schemas.auth import LoginRequest, LoginResponse, UserInfo
  File "D:\stickycutie\backend\app\schemas\auth.py", line 4, in <module>
    class LoginRequest(BaseModel):
  File "C:\Users\proge\AppData\Local\Programs\Python\Python311\Lib\site-packages\pydantic\_internal\_model_construction.py", line 237, in __new__
    complete_model_class(
  File "C:\Users\proge\AppData\Local\Programs\Python\Python311\Lib\site-packages\pydantic\_internal\_model_construction.py", line 597, in complete_model_class
    schema = gen_schema.generate_schema(cls)
             ^^^^^^^^^^^^^^^^^^^^^^^^^^^^^^^
  File "C:\Users\proge\AppData\Local\Programs\Python\Python311\Lib\site-packages\pydantic\_internal\_generate_schema.py", line 711, in generate_schema
    schema = self._generate_schema_inner(obj)
             ^^^^^^^^^^^^^^^^^^^^^^^^^^^^^^^^
  File "C:\Users\proge\AppData\Local\Programs\Python\Python311\Lib\site-packages\pydantic\_internal\_generate_schema.py", line 1004, in _generate_schema_inner
    return self._model_schema(obj)
           ^^^^^^^^^^^^^^^^^^^^^^^
  File "C:\Users\proge\AppData\Local\Programs\Python\Python311\Lib\site-packages\pydantic\_internal\_generate_schema.py", line 837, in _model_schema
    {k: self._generate_md_field_schema(k, v, decorators) for k, v in fields.items()},
    ^^^^^^^^^^^^^^^^^^^^^^^^^^^^^^^^^^^^^^^^^^^^^^^^^^^^^^^^^^^^^^^^^^^^^^^^^^^^^^^^
  File "C:\Users\proge\AppData\Local\Programs\Python\Python311\Lib\site-packages\pydantic\_internal\_generate_schema.py", line 837, in <dictcomp>
    {k: self._generate_md_field_schema(k, v, decorators) for k, v in fields.items()},
        ^^^^^^^^^^^^^^^^^^^^^^^^^^^^^^^^^^^^^^^^^^^^^^^^
  File "C:\Users\proge\AppData\Local\Programs\Python\Python311\Lib\site-packages\pydantic\_internal\_generate_schema.py", line 1206, in _generate_md_field_schema
    common_field = self._common_field_schema(name, field_info, decorators)
                   ^^^^^^^^^^^^^^^^^^^^^^^^^^^^^^^^^^^^^^^^^^^^^^^^^^^^^^^
  File "C:\Users\proge\AppData\Local\Programs\Python\Python311\Lib\site-packages\pydantic\_internal\_generate_schema.py", line 1372, in _common_field_schema
    schema = self._apply_annotations(
             ^^^^^^^^^^^^^^^^^^^^^^^^
  File "C:\Users\proge\AppData\Local\Programs\Python\Python311\Lib\site-packages\pydantic\_internal\_generate_schema.py", line 2297, in _apply_annotations
    schema = get_inner_schema(source_type)
             ^^^^^^^^^^^^^^^^^^^^^^^^^^^^^
  File "C:\Users\proge\AppData\Local\Programs\Python\Python311\Lib\site-packages\pydantic\_internal\_schema_generation_shared.py", line 83, in __call__
    schema = self._handler(source_type)
             ^^^^^^^^^^^^^^^^^^^^^^^^^^
  File "C:\Users\proge\AppData\Local\Programs\Python\Python311\Lib\site-packages\pydantic\_internal\_generate_schema.py", line 2276, in inner_handler
    schema = self._generate_schema_from_get_schema_method(obj, source_type)
             ^^^^^^^^^^^^^^^^^^^^^^^^^^^^^^^^^^^^^^^^^^^^^^^^^^^^^^^^^^^^^^
  File "C:\Users\proge\AppData\Local\Programs\Python\Python311\Lib\site-packages\pydantic\_internal\_generate_schema.py", line 900, in _generate_schema_from_get_schema_method
    schema = get_schema(
             ^^^^^^^^^^^
  File "C:\Users\proge\AppData\Local\Programs\Python\Python311\Lib\site-packages\pydantic\networks.py", line 986, in __get_pydantic_core_schema__
    import_email_validator()
  File "C:\Users\proge\AppData\Local\Programs\Python\Python311\Lib\site-packages\pydantic\networks.py", line 948, in import_email_validator
    raise ImportError('email-validator is not installed, run `pip install pydantic[email]`') from e
ImportError: email-validator is not installed, run `pip install pydantic[email]`
